<?xml version="1.0" encoding="UTF-8"?>
<!-- Generated by org.testng.reporters.JUnitReportReporter -->
<testsuite hostname="WINDOWS-NBFRO6B" failures="0" tests="1" name="com.inetBankingV1.testcases.TC_AddCoustmrTest_003" time="20.176" errors="0" timestamp="21 Dec 2022 06:57:08 GMT" skipped="0">
  <testcase classname="com.inetBankingV1.testcases.TC_AddCoustmrTest_003" name="addNewCstmr" time="20.176"/>
</testsuite> <!-- com.inetBankingV1.testcases.TC_AddCoustmrTest_003 -->
