<?xml version="1.0" encoding="UTF-8"?>
<!-- Generated by org.testng.reporters.JUnitReportReporter -->
<testsuite hostname="WINDOWS-NBFRO6B" failures="0" tests="1" name="com.inetBankingV1.testcases.TC_Logintest_001" time="6.566" errors="0" timestamp="2022-12-19T11:39:28 IST" skipped="0">
  <testcase classname="com.inetBankingV1.testcases.TC_Logintest_001" name="loginTest" time="6.566"/>
  <system-out/>
</testsuite> <!-- com.inetBankingV1.testcases.TC_Logintest_001 -->
