<?xml version="1.0" encoding="UTF-8"?>
<!-- Generated by org.testng.reporters.JUnitReportReporter -->
<testsuite hostname="WINDOWS-NBFRO6B" failures="0" tests="1" name="com.inetBankingV1.testcases.TC_Logintest_001" time="8.435" errors="0" timestamp="21 Dec 2022 07:15:43 GMT" skipped="0">
  <testcase classname="com.inetBankingV1.testcases.TC_Logintest_001" name="loginTest" time="8.435"/>
</testsuite> <!-- com.inetBankingV1.testcases.TC_Logintest_001 -->
